<!DOCTYPE html PUBLIC "-//W3C//DTD XHTML 1.1//EN" "http://www.w3.org/TR/xhtml11/DTD/xhtml11.dtd">
<html xmlns="http://www.w3.org/1999/xhtml"><head><title>TestNG Report</title><style type="text/css">table {margin-bottom:10px;border-collapse:collapse;empty-cells:show}th,td {border:1px solid #009;padding:.25em .5em}th {vertical-align:bottom}td {vertical-align:top}table a {font-weight:bold}.stripe td {background-color: #E6EBF9}.num {text-align:right}.passedodd td {background-color: #3F3}.passedeven td {background-color: #0A0}.skippedodd td {background-color: #DDD}.skippedeven td {background-color: #CCC}.failedodd td,.attn {background-color: #F33}.failedeven td,.stripe .attn {background-color: #D00}.stacktrace {white-space:pre;font-family:monospace}.totop {font-size:85%;text-align:center;border-bottom:2px solid #000}</style></head><body><table><tr><th>Test</th><th># Passed</th><th># Skipped</th><th># Failed</th><th>Time (ms)</th><th>Included Groups</th><th>Excluded Groups</th></tr><tr><th colspan="7">Suite</th></tr><tr><td><a href="#t0">Test 1</a></td><td class="num">4</td><td class="num">0</td><td class="num">0</td><td class="num">301,297</td><td>Sanity, SQL</td><td></td></tr><tr class="stripe"><td><a href="#t1">Test 2</a></td><td class="num">3</td><td class="num">0</td><td class="num attn">1</td><td class="num">431,857</td><td>Sanity, SQL</td><td></td></tr><tr><td><a href="#t2">Test 3</a></td><td class="num">5</td><td class="num">0</td><td class="num attn">1</td><td class="num">181,651</td><td>Sanity, SQL</td><td></td></tr><tr class="stripe"><td><a href="#t3">Test 4</a></td><td class="num">3</td><td class="num">0</td><td class="num">0</td><td class="num">1,643</td><td>Sanity, SQL</td><td></td></tr><tr><th>Total</th><th class="num">15</th><th class="num">0</th><th class="num attn">2</th><th class="num">916,448</th><th colspan="2"></th></tr></table><table id='summary'><thead><tr><th>Class</th><th>Method</th><th>Start</th><th>Time (ms)</th></tr></thead><tbody><tr><th colspan="4">Suite</th></tr></tbody><tbody id="t0"><tr><th colspan="4">Test 1 &#8212; passed</th></tr><tr class="passedeven"><td rowspan="4">Sanity_Test.Admin_User</td><td><a href="#m0">Create_Proposal</a></td><td rowspan="1">1496140076734</td><td rowspan="1">86471</td></tr><tr class="passedeven"><td><a href="#m1">Edit_Account_User</a></td><td rowspan="1">1496140186946</td><td rowspan="1">44537</td></tr><tr class="passedeven"><td><a href="#m2">Send_Change_Password_Request_Email</a></td><td rowspan="1">1496140254975</td><td rowspan="1">34062</td></tr><tr class="passedeven"><td><a href="#m3">Send_Fulfillment_Email</a></td><td rowspan="1">1496140317317</td><td rowspan="1">28895</td></tr></tbody><tbody id="t1"><tr><th colspan="4">Test 2 &#8212; failed</th></tr><tr class="failedeven"><td rowspan="1">Sanity_Test.Registered_User</td><td><a href="#m4">Domain_Name_Ordering</a></td><td rowspan="1">1496140668184</td><td rowspan="1">109624</td></tr><tr><th colspan="4">Test 2 &#8212; passed</th></tr><tr class="passedeven"><td rowspan="3">Sanity_Test.Registered_User</td><td><a href="#m5">Create_User</a></td><td rowspan="1">1496140546673</td><td rowspan="1">14452</td></tr><tr class="passedeven"><td><a href="#m6">Edit_User</a></td><td rowspan="1">1496140591725</td><td rowspan="1">44399</td></tr><tr class="passedeven"><td><a href="#m7">Order_RapidSSL</a></td><td rowspan="1">1496140382690</td><td rowspan="1">120452</td></tr></tbody><tbody id="t2"><tr><th colspan="4">Test 3 &#8212; failed</th></tr><tr class="failedeven"><td rowspan="1">Sanity_Test.New_User</td><td><a href="#m8">Log_Out_New_User</a></td><td rowspan="1">1496140846870</td><td rowspan="1">50116</td></tr><tr><th colspan="4">Test 3 &#8212; passed</th></tr><tr class="passedeven"><td rowspan="5">Sanity_Test.New_User</td><td><a href="#m9">Ask_a_question</a></td><td rowspan="1">1496140922788</td><td rowspan="1">12414</td></tr><tr class="passedeven"><td><a href="#m10">Get_in_Touch</a></td><td rowspan="1">1496140904464</td><td rowspan="1">10938</td></tr><tr class="passedeven"><td><a href="#m11">Request_a_Bronchure</a></td><td rowspan="1">1496140941726</td><td rowspan="1">5523</td></tr><tr class="passedeven"><td><a href="#m12">Request_a_PenTest_Proposal</a></td><td rowspan="1">1496140955098</td><td rowspan="1">5109</td></tr><tr class="passedeven"><td><a href="#m13">User_Registration</a></td><td rowspan="1">1496140813695</td><td rowspan="1">25628</td></tr></tbody><tbody id="t3"><tr><th colspan="4">Test 4 &#8212; passed</th></tr><tr class="passedeven"><td rowspan="3">Sanity_Test.SQL_Queries</td><td><a href="#m14">SQL_Certificate_Order</a></td><td rowspan="1">1496140980097</td><td rowspan="1">849</td></tr><tr class="passedeven"><td><a href="#m15">SQL_DeleteAccount</a></td><td rowspan="1">1496140979306</td><td rowspan="1">459</td></tr><tr class="passedeven"><td><a href="#m16">SQL_DeleteUser</a></td><td rowspan="1">1496140979766</td><td rowspan="1">304</td></tr></tbody></table><h2>Test 1</h2><h3 id="m0">Sanity_Test.Admin_User#Create_Proposal</h3><table class="result"></table><p class="totop"><a href="#summary">back to summary</a></p><h3 id="m1">Sanity_Test.Admin_User#Edit_Account_User</h3><table class="result"></table><p class="totop"><a href="#summary">back to summary</a></p><h3 id="m2">Sanity_Test.Admin_User#Send_Change_Password_Request_Email</h3><table class="result"></table><p class="totop"><a href="#summary">back to summary</a></p><h3 id="m3">Sanity_Test.Admin_User#Send_Fulfillment_Email</h3><table class="result"></table><p class="totop"><a href="#summary">back to summary</a></p><h2>Test 2</h2><h3 id="m4">Sanity_Test.Registered_User#Domain_Name_Ordering</h3><table class="result"><tr><th>Exception</th></tr><tr><td><div class="stacktrace">org.openqa.selenium.TimeoutException: Expected condition failed: waiting for visibility of element located by By.xpath: html/body/div[4]/p[1] (tried for 20 second(s) with 500 MILLISECONDS interval)
	at org.openqa.selenium.support.ui.WebDriverWait.timeoutException(WebDriverWait.java:80)
	at org.openqa.selenium.support.ui.FluentWait.until(FluentWait.java:232)
	at Sanity_Test.Registered_User.Domain_Name_Ordering(Registered_User.java:588)
Caused by: org.openqa.selenium.NoSuchElementException: Cannot locate an element using By.xpath: html/body/div[4]/p[1]
For documentation on this error, please visit: http://seleniumhq.org/exceptions/no_such_element.html
Build info: version: &apos;3.3.1&apos;, revision: &apos;5234b325d5&apos;, time: &apos;2017-03-10 09:10:29 +0000&apos;
System info: host: &apos;SSL247DEV004&apos;, ip: &apos;172.22.213.41&apos;, os.name: &apos;Windows 10&apos;, os.arch: &apos;amd64&apos;, os.version: &apos;10.0&apos;, java.version: &apos;1.8.0_121&apos;
Driver info: driver.version: unknown
	at org.openqa.selenium.support.ui.ExpectedConditions.lambda$findElement$0(ExpectedConditions.java:883)
	at java.util.Optional.orElseThrow(Optional.java:290)
	at org.openqa.selenium.support.ui.ExpectedConditions.findElement(ExpectedConditions.java:882)
	at org.openqa.selenium.support.ui.ExpectedConditions.access$000(ExpectedConditions.java:44)
	at org.openqa.selenium.support.ui.ExpectedConditions$7.apply(ExpectedConditions.java:206)
	at org.openqa.selenium.support.ui.ExpectedConditions$7.apply(ExpectedConditions.java:202)
	at org.openqa.selenium.support.ui.FluentWait.until(FluentWait.java:209)
	... 26 more
... Removed 25 stack frames</div></td></tr></table><p class="totop"><a href="#summary">back to summary</a></p><h3 id="m5">Sanity_Test.Registered_User#Create_User</h3><table class="result"></table><p class="totop"><a href="#summary">back to summary</a></p><h3 id="m6">Sanity_Test.Registered_User#Edit_User</h3><table class="result"></table><p class="totop"><a href="#summary">back to summary</a></p><h3 id="m7">Sanity_Test.Registered_User#Order_RapidSSL</h3><table class="result"></table><p class="totop"><a href="#summary">back to summary</a></p><h2>Test 3</h2><h3 id="m8">Sanity_Test.New_User#Log_Out_New_User</h3><table class="result"><tr><th>Exception</th></tr><tr><td><div class="stacktrace">org.openqa.selenium.NoSuchElementException: no such element: Unable to locate element: {&quot;method&quot;:&quot;link text&quot;,&quot;selector&quot;:&quot;Logout&quot;}
  (Session info: chrome=59.0.3071.71)
  (Driver info: chromedriver=2.29.461591 (62ebf098771772160f391d75e589dc567915b233),platform=Windows NT 10.0.14393 x86_64) (WARNING: The server did not provide any stacktrace information)
Command duration or timeout: 50.11 seconds
For documentation on this error, please visit: http://seleniumhq.org/exceptions/no_such_element.html
Build info: version: &apos;3.3.1&apos;, revision: &apos;5234b325d5&apos;, time: &apos;2017-03-10 09:10:29 +0000&apos;
System info: host: &apos;SSL247DEV004&apos;, ip: &apos;172.22.213.41&apos;, os.name: &apos;Windows 10&apos;, os.arch: &apos;amd64&apos;, os.version: &apos;10.0&apos;, java.version: &apos;1.8.0_121&apos;
Driver info: org.openqa.selenium.chrome.ChromeDriver
Capabilities [{applicationCacheEnabled=false, rotatable=false, mobileEmulationEnabled=false, networkConnectionEnabled=false, chrome={chromedriverVersion=2.29.461591 (62ebf098771772160f391d75e589dc567915b233), userDataDir=C:\Users\GIDEON~1\AppData\Local\Temp\scoped_dir10100_30584}, takesHeapSnapshot=true, pageLoadStrategy=normal, databaseEnabled=false, handlesAlerts=true, hasTouchScreen=false, version=59.0.3071.71, platform=XP, browserConnectionEnabled=false, nativeEvents=true, acceptSslCerts=true, locationContextEnabled=true, webStorageEnabled=true, browserName=chrome, takesScreenshot=true, javascriptEnabled=true, cssSelectorsEnabled=true, unexpectedAlertBehaviour=}]
Session ID: ee7c82bc467205e559d6efc0e970db95
*** Element info: {Using=link text, value=Logout}
	at org.openqa.selenium.remote.ErrorHandler.createThrowable(ErrorHandler.java:216)
	at org.openqa.selenium.remote.ErrorHandler.throwIfResponseFailed(ErrorHandler.java:168)
	at org.openqa.selenium.remote.RemoteWebDriver.execute(RemoteWebDriver.java:638)
	at org.openqa.selenium.remote.RemoteWebDriver.findElement(RemoteWebDriver.java:371)
	at org.openqa.selenium.remote.RemoteWebDriver.findElementByLinkText(RemoteWebDriver.java:428)
	at org.openqa.selenium.By$ByLinkText.findElement(By.java:246)
	at org.openqa.selenium.remote.RemoteWebDriver.findElement(RemoteWebDriver.java:363)
	at Sanity_Test.New_User.Log_Out_New_User(New_User.java:169)
... Removed 29 stack frames</div></td></tr></table><p class="totop"><a href="#summary">back to summary</a></p><h3 id="m9">Sanity_Test.New_User#Ask_a_question</h3><table class="result"></table><p class="totop"><a href="#summary">back to summary</a></p><h3 id="m10">Sanity_Test.New_User#Get_in_Touch</h3><table class="result"></table><p class="totop"><a href="#summary">back to summary</a></p><h3 id="m11">Sanity_Test.New_User#Request_a_Bronchure</h3><table class="result"></table><p class="totop"><a href="#summary">back to summary</a></p><h3 id="m12">Sanity_Test.New_User#Request_a_PenTest_Proposal</h3><table class="result"></table><p class="totop"><a href="#summary">back to summary</a></p><h3 id="m13">Sanity_Test.New_User#User_Registration</h3><table class="result"></table><p class="totop"><a href="#summary">back to summary</a></p><h2>Test 4</h2><h3 id="m14">Sanity_Test.SQL_Queries#SQL_Certificate_Order</h3><table class="result"></table><p class="totop"><a href="#summary">back to summary</a></p><h3 id="m15">Sanity_Test.SQL_Queries#SQL_DeleteAccount</h3><table class="result"></table><p class="totop"><a href="#summary">back to summary</a></p><h3 id="m16">Sanity_Test.SQL_Queries#SQL_DeleteUser</h3><table class="result"></table><p class="totop"><a href="#summary">back to summary</a></p></body></html>